1646667940.249871 - A connected 
 1646667940.249861 - B connected 
 1646667940.249857 - C connected 
    


1646667940.254826 A 
1deec910902d3d28c8a24d6169c52254a4d50ec645e5e065f80541d0604a9235
  1646667940.254836 B 
2ceab7ba419880d6798d2bfdb1df86c2d071e8dbb83be2be9c0a9d28f6e88af4
 
 
1646667940.254836 C 
1f3cc31357441582481d79fc5bdf195c5716a9acca81bee2b2d686e92f9abfc5
  
1646667940.286344 A 
9eea93c23692a37415f85bd0cdff524b9005d9780fcd6ec49a9bcd736b1e9edb
  
1646667940.383807 C 
ddcc3d60b1cfd1ed768f45fb4f9e0eb7041524882b6edb7e78857aae588bcff8
  
1646667940.389353 B 
803ba93812a50f65a4528e2a523e877b046b3cbdc859f3e901515b7e34b2dd9f
  
1646667940.581792 C 
85563663c5b2a9c1cb8d32883625707a85a4a47752005c10b3537605dc817d17
  
1646667940.783666 C 
808d64aa12cea4c49dca8fdf723965283b1ea80f659e04aef5547a8ba05f75e4
  
1646667940.795033 B 
a9ea069f2c754c82204c03962bb626dd519e2f5ead0fd277c44bd5f4ecc1bd43
  
1646667940.925489 B 
a80c4415ecd41d99b14b9eb82e6403946ea70a5174e370d1dec85ff46f7bb397
  
1646667940.942243 C 
83fb8851b6a988ea183d0cf5837aef1fe19b3021a0716f8080faee1628193018
  
1646667942.246786 A 
ca7a3451d12eb08dc243fad03b8105974d347d6050f37ecff166672ff228a98f
  
1646667942.809709 C 
1637f5e5b96c986688660a4e58613afd82fc08b5c255ac0a94c80df09f49d195
  
1646667942.8559659 A 
c11b1b5eff60246e2c0f5eb894c3f95a5ac5053a760edc7260aa7c2abcccc70b
  
1646667943.3985028 C 
a058a8827159bfdab8908679e0770f6be9cfecaf7609185a22008b11b191d4df
  
1646667943.8015392 C 
2e0dc3d3b73dc13d8a9c2bf6d7a90d8df4f95fc5901efd5540d862e5a5a5b816
  
1646667944.151173 B 
cd889b8e51dddb4d1929d2667477898979fd1024ccacd1b9eeddc17a5a9e017c
  
1646667944.666646 C 
816fc39346650a7f386ee13b59eeeaf1e1db964443b7c984b49a69930a9bc7bf
  
1646667944.674138 C 
0f76c3eaf7e17c73aaf2b8066b1cce3422ad17023245199459571f6476ee6f61
  
1646667944.915405 B 
a519bad76e5b02071f2faec969be98796099d88a3f65a8df0417a393b21c5208
  
1646667944.955302 - C disconnected  
1646667946.634808 A 
34146fc963c8fc43ed876e9f70640cb0f863969db459f4207600ef7fa823515b
  
1646667946.764226 B 
f7411ec90074740d3f565b600ea0579bbcdaf5a80eccadf8f67ba2e90f636f82
  
1646667947.2177842 B 
0f6d473af3e9162a2a7be776c237e1216ca7440111c74f16410990cc7c0fe44b
  
1646667947.981441 B 
7f3e15b3972dd43571ef1ab82635d6d6309b7adec339f03d7d005676aed5d0cb
  
1646667948.23598 B 
71c7140d23d2112353d30acd66da263ba5e4062ea4c2a899f3368f0bf9b600bf
  
1646667949.003681 - B disconnected  
1646667950.4924648 A 
fe92ce6e6eabd7dfb6564a28755890cebe9b5533620b8856aa8d9abc31026005
  
1646667950.502959 A 
dfd1c9d00f91d0654162cea205aa09872b46c0508dca2f10c360e2e1a31160d6
  
1646667950.853326 A 
75c7f7b800dd34ca4819ef1df3fc59379cb47840524275265fc9ece8437d0cbe
  
1646667951.823339 A 
3d81db23b5311608630083bd48ca23593aa81cc817d46a5f5b196abd03a573d2
  
1646667952.681031 A 
6a98f07b7ea31922fd9500dba0c882d7c9d48db8372339405a5fbe0c19c67d65
  
1646667953.81116 - A disconnected  
